2022-10-29 14:27:35.934  INFO 39252 --- [main] com.fhw.BookManageApplication            : Starting BookManageApplication on LAPTOP-6CC2IMJB with PID 39252 (D:\IDEA\IDEAworkspace\BookSystem\BookManage\target\classes started by 13371 in D:\IDEA\IDEAworkspace\BookSystem)
2022-10-29 14:27:35.941  INFO 39252 --- [main] com.fhw.BookManageApplication            : No active profile set, falling back to default profiles: default
2022-10-29 14:27:36.840  INFO 39252 --- [main] o.s.b.w.embedded.tomcat.TomcatWebServer  : Tomcat initialized with port(s): 8050 (http)
2022-10-29 14:27:36.847  INFO 39252 --- [main] o.apache.catalina.core.StandardService   : Starting service [Tomcat]
2022-10-29 14:27:36.847  INFO 39252 --- [main] org.apache.catalina.core.StandardEngine  : Starting Servlet engine: [Apache Tomcat/9.0.43]
2022-10-29 14:27:37.005  INFO 39252 --- [main] o.a.c.c.C.[Tomcat].[localhost].[/]       : Initializing Spring embedded WebApplicationContext
2022-10-29 14:27:37.006  INFO 39252 --- [main] w.s.c.ServletWebServerApplicationContext : Root WebApplicationContext: initialization completed in 1012 ms
2022-10-29 14:27:38.926  INFO 39252 --- [main] o.s.s.concurrent.ThreadPoolTaskExecutor  : Initializing ExecutorService 'applicationTaskExecutor'
2022-10-29 14:27:39.414  INFO 39252 --- [main] o.s.b.w.embedded.tomcat.TomcatWebServer  : Tomcat started on port(s): 8050 (http) with context path ''
2022-10-29 14:27:39.423  INFO 39252 --- [main] com.fhw.BookManageApplication            : Started BookManageApplication in 3.875 seconds (JVM running for 5.512)
2022-10-29 14:27:55.109  INFO 39252 --- [SpringContextShutdownHook] o.s.s.concurrent.ThreadPoolTaskExecutor  : Shutting down ExecutorService 'applicationTaskExecutor'
2022-10-29 14:27:59.845  INFO 38828 --- [main] com.fhw.BookManageApplication            : Starting BookManageApplication on LAPTOP-6CC2IMJB with PID 38828 (D:\IDEA\IDEAworkspace\BookSystem\BookManage\target\classes started by 13371 in D:\IDEA\IDEAworkspace\BookSystem)
2022-10-29 14:27:59.848  INFO 38828 --- [main] com.fhw.BookManageApplication            : No active profile set, falling back to default profiles: default
2022-10-29 14:28:00.748  INFO 38828 --- [main] o.s.b.w.embedded.tomcat.TomcatWebServer  : Tomcat initialized with port(s): 8050 (http)
2022-10-29 14:28:00.759  INFO 38828 --- [main] o.apache.catalina.core.StandardService   : Starting service [Tomcat]
2022-10-29 14:28:00.759  INFO 38828 --- [main] org.apache.catalina.core.StandardEngine  : Starting Servlet engine: [Apache Tomcat/9.0.43]
2022-10-29 14:28:00.901  INFO 38828 --- [main] o.a.c.c.C.[Tomcat].[localhost].[/]       : Initializing Spring embedded WebApplicationContext
2022-10-29 14:28:00.901  INFO 38828 --- [main] w.s.c.ServletWebServerApplicationContext : Root WebApplicationContext: initialization completed in 1008 ms
2022-10-29 14:28:02.681  INFO 38828 --- [main] o.s.s.concurrent.ThreadPoolTaskExecutor  : Initializing ExecutorService 'applicationTaskExecutor'
2022-10-29 14:28:03.091  INFO 38828 --- [main] o.s.b.w.embedded.tomcat.TomcatWebServer  : Tomcat started on port(s): 8050 (http) with context path ''
2022-10-29 14:28:03.097  INFO 38828 --- [main] com.fhw.BookManageApplication            : Started BookManageApplication in 3.585 seconds (JVM running for 4.96)
2022-10-29 14:48:53.159  INFO 38828 --- [SpringContextShutdownHook] o.s.s.concurrent.ThreadPoolTaskExecutor  : Shutting down ExecutorService 'applicationTaskExecutor'
2022-10-29 14:48:58.675  INFO 34784 --- [main] com.fhw.BookManageApplication            : Starting BookManageApplication on LAPTOP-6CC2IMJB with PID 34784 (D:\IDEA\IDEAworkspace\BookSystem\BookManage\target\classes started by 13371 in D:\IDEA\IDEAworkspace\BookSystem)
2022-10-29 14:48:58.679  INFO 34784 --- [main] com.fhw.BookManageApplication            : No active profile set, falling back to default profiles: default
2022-10-29 14:48:59.503  INFO 34784 --- [main] o.s.b.w.embedded.tomcat.TomcatWebServer  : Tomcat initialized with port(s): 8050 (http)
2022-10-29 14:48:59.512  INFO 34784 --- [main] o.apache.catalina.core.StandardService   : Starting service [Tomcat]
2022-10-29 14:48:59.513  INFO 34784 --- [main] org.apache.catalina.core.StandardEngine  : Starting Servlet engine: [Apache Tomcat/9.0.43]
2022-10-29 14:48:59.674  INFO 34784 --- [main] o.a.c.c.C.[Tomcat].[localhost].[/]       : Initializing Spring embedded WebApplicationContext
2022-10-29 14:48:59.674  INFO 34784 --- [main] w.s.c.ServletWebServerApplicationContext : Root WebApplicationContext: initialization completed in 949 ms
2022-10-29 14:49:01.369  INFO 34784 --- [main] o.s.s.concurrent.ThreadPoolTaskExecutor  : Initializing ExecutorService 'applicationTaskExecutor'
2022-10-29 14:49:01.837  INFO 34784 --- [main] o.s.b.w.embedded.tomcat.TomcatWebServer  : Tomcat started on port(s): 8050 (http) with context path ''
2022-10-29 14:49:01.844  INFO 34784 --- [main] com.fhw.BookManageApplication            : Started BookManageApplication in 3.492 seconds (JVM running for 5.03)
2022-10-29 14:49:03.927  INFO 34784 --- [SpringContextShutdownHook] o.s.s.concurrent.ThreadPoolTaskExecutor  : Shutting down ExecutorService 'applicationTaskExecutor'
2022-10-29 14:49:07.745  INFO 38300 --- [main] com.fhw.BookManageApplication            : Starting BookManageApplication on LAPTOP-6CC2IMJB with PID 38300 (D:\IDEA\IDEAworkspace\BookSystem\BookManage\target\classes started by 13371 in D:\IDEA\IDEAworkspace\BookSystem)
2022-10-29 14:49:07.750  INFO 38300 --- [main] com.fhw.BookManageApplication            : No active profile set, falling back to default profiles: default
2022-10-29 14:49:08.659  INFO 38300 --- [main] o.s.b.w.embedded.tomcat.TomcatWebServer  : Tomcat initialized with port(s): 8050 (http)
2022-10-29 14:49:08.667  INFO 38300 --- [main] o.apache.catalina.core.StandardService   : Starting service [Tomcat]
2022-10-29 14:49:08.668  INFO 38300 --- [main] org.apache.catalina.core.StandardEngine  : Starting Servlet engine: [Apache Tomcat/9.0.43]
2022-10-29 14:49:08.816  INFO 38300 --- [main] o.a.c.c.C.[Tomcat].[localhost].[/]       : Initializing Spring embedded WebApplicationContext
2022-10-29 14:49:08.816  INFO 38300 --- [main] w.s.c.ServletWebServerApplicationContext : Root WebApplicationContext: initialization completed in 1021 ms
2022-10-29 14:49:10.402  INFO 38300 --- [main] o.s.s.concurrent.ThreadPoolTaskExecutor  : Initializing ExecutorService 'applicationTaskExecutor'
2022-10-29 14:49:10.807  INFO 38300 --- [main] o.s.b.w.embedded.tomcat.TomcatWebServer  : Tomcat started on port(s): 8050 (http) with context path ''
2022-10-29 14:49:10.813  INFO 38300 --- [main] com.fhw.BookManageApplication            : Started BookManageApplication in 3.391 seconds (JVM running for 4.743)
2022-10-29 14:49:11.292  INFO 38300 --- [SpringContextShutdownHook] o.s.s.concurrent.ThreadPoolTaskExecutor  : Shutting down ExecutorService 'applicationTaskExecutor'
